<?xml version="1.0" encoding="UTF-8"?>
<!-- Generated by org.testng.reporters.JUnitReportReporter -->
<testsuite skipped="0" hostname="DESKTOP-G415TB4" name="runner.Tests" tests="3" failures="0" timestamp="2021-09-12T20:26:59 IST" time="64.093" errors="0">
  <testcase name="searchflight" time="57.282" classname="runner.Tests"/>
  <system-out/>
  <testcase name="Verify" time="1.977" classname="runner.Tests"/>
  <system-out/>
  <testcase name="title" time="4.834" classname="runner.Tests"/>
  <system-out/>
</testsuite> <!-- runner.Tests -->
